0 info it worked if it ends with ok
1 verbose cli [ 'node', '/usr/local/bin/npm', 'start' ]
2 info using npm@1.4.21
3 info using node@v0.10.29
4 verbose run-script [ 'prestart', 'start', 'poststart' ]
5 info prestart stlplater@0.0.0
6 info start stlplater@0.0.0
7 verbose unsafe-perm in lifecycle true
8 info stlplater@0.0.0 Failed to exec start script
9 error stlplater@0.0.0 start: `beefy stlplater.js:bundle.js --live --open --cwd=static --index=static/index.html`
9 error Exit status 8
10 error Failed at the stlplater@0.0.0 start script.
10 error This is most likely a problem with the stlplater package,
10 error not with npm itself.
10 error Tell the author that this fails on your system:
10 error     beefy stlplater.js:bundle.js --live --open --cwd=static --index=static/index.html
10 error You can get their info via:
10 error     npm owner ls stlplater
10 error There is likely additional logging output above.
11 error System Darwin 13.3.0
12 error command "node" "/usr/local/bin/npm" "start"
13 error cwd /Users/tmpvar/work/js/stlplater
14 error node -v v0.10.29
15 error npm -v 1.4.21
16 error code ELIFECYCLE
17 verbose exit [ 1, true ]
